  [1m[36m (1.2ms)[0m  [1mCREATE TABLE "schema_migrations" ("version" varchar NOT NULL) [0m
  [1m[35m (0.0ms)[0m  select sqlite_version(*)
  [1m[36m (1.0ms)[0m  [1mCREATE UNIQUE INDEX "unique_schema_migrations" ON "schema_migrations" ("version")[0m
  [1m[35mActiveRecord::SchemaMigration Load (0.1ms)[0m  SELECT "schema_migrations".* FROM "schema_migrations"
  [1m[36mActiveRecord::SchemaMigration Load (0.1ms)[0m  [1mSELECT "schema_migrations".* FROM "schema_migrations"[0m
Migrating to CreatePosts (20151230232412)
  [1m[35m (0.1ms)[0m  begin transaction
  [1m[36m (0.4ms)[0m  [1mCREATE TABLE "posts" ("id" INTEGER PRIMARY KEY AUTOINCREMENT NOT NULL, "title" varchar, "description" text, "created_at" datetime NOT NULL, "updated_at" datetime NOT NULL) [0m
  [1m[35mSQL (0.2ms)[0m  INSERT INTO "schema_migrations" ("version") VALUES (?)  [["version", "20151230232412"]]
  [1m[36m (1.3ms)[0m  [1mcommit transaction[0m
  [1m[35mActiveRecord::SchemaMigration Load (0.1ms)[0m  SELECT "schema_migrations".* FROM "schema_migrations"


Started GET "/" for ::1 at 2017-08-11 13:44:33 -0400
  [1m[36mActiveRecord::SchemaMigration Load (0.1ms)[0m  [1mSELECT "schema_migrations".* FROM "schema_migrations"[0m
Processing by Rails::WelcomeController#index as HTML
  Rendered /Users/Josh/.rvm/gems/ruby-2.3.4/gems/railties-4.2.5/lib/rails/templates/rails/welcome/index.html.erb (2.3ms)
Completed 200 OK in 26ms (Views: 13.4ms | ActiveRecord: 0.0ms)


Started GET "/posts" for ::1 at 2017-08-11 13:44:33 -0400

ActionController::RoutingError (No route matches [GET] "/posts"):
  actionpack (4.2.5) lib/action_dispatch/middleware/debug_exceptions.rb:21:in `call'
  web-console (2.2.1) lib/web_console/middleware.rb:39:in `call'
  actionpack (4.2.5) lib/action_dispatch/middleware/show_exceptions.rb:30:in `call'
  railties (4.2.5) lib/rails/rack/logger.rb:38:in `call_app'
  railties (4.2.5) lib/rails/rack/logger.rb:20:in `block in call'
  activesupport (4.2.5) lib/active_support/tagged_logging.rb:68:in `block in tagged'
  activesupport (4.2.5) lib/active_support/tagged_logging.rb:26:in `tagged'
  activesupport (4.2.5) lib/active_support/tagged_logging.rb:68:in `tagged'
  railties (4.2.5) lib/rails/rack/logger.rb:20:in `call'
  actionpack (4.2.5) lib/action_dispatch/middleware/request_id.rb:21:in `call'
  rack (1.6.4) lib/rack/methodoverride.rb:22:in `call'
  rack (1.6.4) lib/rack/runtime.rb:18:in `call'
  activesupport (4.2.5) lib/active_support/cache/strategy/local_cache_middleware.rb:28:in `call'
  rack (1.6.4) lib/rack/lock.rb:17:in `call'
  actionpack (4.2.5) lib/action_dispatch/middleware/static.rb:116:in `call'
  rack (1.6.4) lib/rack/sendfile.rb:113:in `call'
  railties (4.2.5) lib/rails/engine.rb:518:in `call'
  railties (4.2.5) lib/rails/application.rb:165:in `call'
  rack (1.6.4) lib/rack/lock.rb:17:in `call'
  rack (1.6.4) lib/rack/content_length.rb:15:in `call'
  rack (1.6.4) lib/rack/handler/webrick.rb:88:in `service'
  /Users/Josh/.rvm/rubies/ruby-2.3.4/lib/ruby/2.3.0/webrick/httpserver.rb:140:in `service'
  /Users/Josh/.rvm/rubies/ruby-2.3.4/lib/ruby/2.3.0/webrick/httpserver.rb:96:in `run'
  /Users/Josh/.rvm/rubies/ruby-2.3.4/lib/ruby/2.3.0/webrick/server.rb:296:in `block in start_thread'


  Rendered /Users/Josh/.rvm/gems/ruby-2.3.4/gems/actionpack-4.2.5/lib/action_dispatch/middleware/templates/rescues/_trace.html.erb (1.0ms)
  Rendered /Users/Josh/.rvm/gems/ruby-2.3.4/gems/actionpack-4.2.5/lib/action_dispatch/middleware/templates/routes/_route.html.erb (0.6ms)
  Rendered /Users/Josh/.rvm/gems/ruby-2.3.4/gems/actionpack-4.2.5/lib/action_dispatch/middleware/templates/routes/_table.html.erb (7.0ms)
  Rendered /Users/Josh/.rvm/gems/ruby-2.3.4/gems/actionpack-4.2.5/lib/action_dispatch/middleware/templates/rescues/_request_and_response.html.erb (1.5ms)
  Rendered /Users/Josh/.rvm/gems/ruby-2.3.4/gems/actionpack-4.2.5/lib/action_dispatch/middleware/templates/rescues/routing_error.html.erb within rescues/layout (77.4ms)
  Rendered /Users/Josh/.rvm/gems/ruby-2.3.4/gems/web-console-2.2.1/lib/web_console/templates/_markup.html.erb (0.4ms)
  Rendered /Users/Josh/.rvm/gems/ruby-2.3.4/gems/web-console-2.2.1/lib/web_console/templates/_inner_console_markup.html.erb within layouts/inlined_string (0.4ms)
  Rendered /Users/Josh/.rvm/gems/ruby-2.3.4/gems/web-console-2.2.1/lib/web_console/templates/_prompt_box_markup.html.erb within layouts/inlined_string (0.5ms)
  Rendered /Users/Josh/.rvm/gems/ruby-2.3.4/gems/web-console-2.2.1/lib/web_console/templates/style.css.erb within layouts/inlined_string (0.5ms)
  Rendered /Users/Josh/.rvm/gems/ruby-2.3.4/gems/web-console-2.2.1/lib/web_console/templates/console.js.erb within layouts/javascript (52.8ms)
  Rendered /Users/Josh/.rvm/gems/ruby-2.3.4/gems/web-console-2.2.1/lib/web_console/templates/main.js.erb within layouts/javascript (0.5ms)
  Rendered /Users/Josh/.rvm/gems/ruby-2.3.4/gems/web-console-2.2.1/lib/web_console/templates/error_page.js.erb within layouts/javascript (0.9ms)
  Rendered /Users/Josh/.rvm/gems/ruby-2.3.4/gems/web-console-2.2.1/lib/web_console/templates/index.html.erb (116.5ms)


Started GET "/posts/1" for ::1 at 2017-08-11 13:45:46 -0400

TypeError (superclass must be a Class (Module given)):
  app/controllers/posts_controller.rb:1:in `<top (required)>'


  Rendered /Users/Josh/.rvm/gems/ruby-2.3.4/gems/actionpack-4.2.5/lib/action_dispatch/middleware/templates/rescues/_source.erb (3.5ms)
  Rendered /Users/Josh/.rvm/gems/ruby-2.3.4/gems/actionpack-4.2.5/lib/action_dispatch/middleware/templates/rescues/_trace.html.erb (2.1ms)
  Rendered /Users/Josh/.rvm/gems/ruby-2.3.4/gems/actionpack-4.2.5/lib/action_dispatch/middleware/templates/rescues/_request_and_response.html.erb (1.0ms)
  Rendered /Users/Josh/.rvm/gems/ruby-2.3.4/gems/actionpack-4.2.5/lib/action_dispatch/middleware/templates/rescues/diagnostics.html.erb within rescues/layout (54.9ms)
  Rendered /Users/Josh/.rvm/gems/ruby-2.3.4/gems/web-console-2.2.1/lib/web_console/templates/_markup.html.erb (0.4ms)
  Rendered /Users/Josh/.rvm/gems/ruby-2.3.4/gems/web-console-2.2.1/lib/web_console/templates/_inner_console_markup.html.erb within layouts/inlined_string (0.3ms)
  Rendered /Users/Josh/.rvm/gems/ruby-2.3.4/gems/web-console-2.2.1/lib/web_console/templates/_prompt_box_markup.html.erb within layouts/inlined_string (0.4ms)
  Rendered /Users/Josh/.rvm/gems/ruby-2.3.4/gems/web-console-2.2.1/lib/web_console/templates/style.css.erb within layouts/inlined_string (0.6ms)
  Rendered /Users/Josh/.rvm/gems/ruby-2.3.4/gems/web-console-2.2.1/lib/web_console/templates/console.js.erb within layouts/javascript (50.9ms)
  Rendered /Users/Josh/.rvm/gems/ruby-2.3.4/gems/web-console-2.2.1/lib/web_console/templates/main.js.erb within layouts/javascript (0.4ms)
  Rendered /Users/Josh/.rvm/gems/ruby-2.3.4/gems/web-console-2.2.1/lib/web_console/templates/error_page.js.erb within layouts/javascript (0.5ms)
  Rendered /Users/Josh/.rvm/gems/ruby-2.3.4/gems/web-console-2.2.1/lib/web_console/templates/index.html.erb (113.9ms)


Started GET "/posts/1" for ::1 at 2017-08-11 13:45:59 -0400
Processing by PostsController#show as HTML
  Parameters: {"id"=>"1"}
  Rendered posts/show.html.erb (0.4ms)
Completed 200 OK in 8ms (Views: 7.9ms | ActiveRecord: 0.0ms)


Started GET "/posts/1" for ::1 at 2017-08-11 13:46:35 -0400

TypeError (superclass must be a Class (Module given)):
  app/controllers/posts_controller.rb:1:in `<top (required)>'


  Rendered /Users/Josh/.rvm/gems/ruby-2.3.4/gems/actionpack-4.2.5/lib/action_dispatch/middleware/templates/rescues/_source.erb (4.0ms)
  Rendered /Users/Josh/.rvm/gems/ruby-2.3.4/gems/actionpack-4.2.5/lib/action_dispatch/middleware/templates/rescues/_trace.html.erb (3.0ms)
  Rendered /Users/Josh/.rvm/gems/ruby-2.3.4/gems/actionpack-4.2.5/lib/action_dispatch/middleware/templates/rescues/_request_and_response.html.erb (1.1ms)
  Rendered /Users/Josh/.rvm/gems/ruby-2.3.4/gems/actionpack-4.2.5/lib/action_dispatch/middleware/templates/rescues/diagnostics.html.erb within rescues/layout (52.5ms)
  Rendered /Users/Josh/.rvm/gems/ruby-2.3.4/gems/web-console-2.2.1/lib/web_console/templates/_markup.html.erb (0.4ms)
  Rendered /Users/Josh/.rvm/gems/ruby-2.3.4/gems/web-console-2.2.1/lib/web_console/templates/_inner_console_markup.html.erb within layouts/inlined_string (0.4ms)
  Rendered /Users/Josh/.rvm/gems/ruby-2.3.4/gems/web-console-2.2.1/lib/web_console/templates/_prompt_box_markup.html.erb within layouts/inlined_string (0.4ms)
  Rendered /Users/Josh/.rvm/gems/ruby-2.3.4/gems/web-console-2.2.1/lib/web_console/templates/style.css.erb within layouts/inlined_string (0.4ms)
  Rendered /Users/Josh/.rvm/gems/ruby-2.3.4/gems/web-console-2.2.1/lib/web_console/templates/console.js.erb within layouts/javascript (51.9ms)
  Rendered /Users/Josh/.rvm/gems/ruby-2.3.4/gems/web-console-2.2.1/lib/web_console/templates/main.js.erb within layouts/javascript (0.3ms)
  Rendered /Users/Josh/.rvm/gems/ruby-2.3.4/gems/web-console-2.2.1/lib/web_console/templates/error_page.js.erb within layouts/javascript (0.4ms)
  Rendered /Users/Josh/.rvm/gems/ruby-2.3.4/gems/web-console-2.2.1/lib/web_console/templates/index.html.erb (109.8ms)


Started GET "/posts/1" for ::1 at 2017-08-11 13:47:31 -0400
Processing by PostsController#show as HTML
  Parameters: {"id"=>"1"}
  Rendered posts/show.html.erb within layouts/application (0.1ms)
Completed 200 OK in 1300ms (Views: 1299.4ms | ActiveRecord: 0.0ms)


Started GET "/assets/application.self-e80e8f2318043e8af94dddc2adad5a4f09739a8ebb323b3ab31cd71d45fd9113.css?body=1" for ::1 at 2017-08-11 13:47:32 -0400


Started GET "/assets/application.self-3b8dabdc891efe46b9a144b400ad69e37d7e5876bdc39dee783419a69d7ca819.js?body=1" for ::1 at 2017-08-11 13:47:32 -0400
